[0.062s] Invoking command in '/home/ann/rosbot_ws/src/build/rosbot_joy': CMAKE_PREFIX_PATH=${CMAKE_PREFIX_PATH}:/home/ann/rosbot_ws/install/rosbot_controller:/home/ann/rosbot_ws/install/rosbot_utils:/home/ann/rosbot_ws/install/rosbot_gazebo:/home/ann/rosbot_ws/install/rosbot_bringup:/opt/ros/humble /usr/bin/cmake /home/ann/rosbot_ws/src/rosbot_ros/rosbot_joy -DCMAKE_INSTALL_PREFIX=/home/ann/rosbot_ws/src/install/rosbot_joy
[0.227s] -- The C compiler identification is GNU 11.4.0
[0.353s] -- The CXX compiler identification is GNU 11.4.0
[0.382s] -- Detecting C compiler ABI info
[0.600s] -- Detecting C compiler ABI info - done
[0.617s] -- Check for working C compiler: /usr/bin/cc - skipped
[0.618s] -- Detecting C compile features
[0.619s] -- Detecting C compile features - done
[0.626s] -- Detecting CXX compiler ABI info
[1.669s] -- Detecting CXX compiler ABI info - done
[1.706s] -- Check for working CXX compiler: /usr/bin/c++ - skipped
[1.706s] -- Detecting CXX compile features
[1.706s] -- Detecting CXX compile features - done
[1.748s] -- Found ament_cmake: 1.3.13 (/opt/ros/humble/share/ament_cmake/cmake)
[2.261s] -- Found Python3: /usr/bin/python3 (found version "3.10.12") found components: Interpreter 
[2.784s] -- Configuring done
[2.809s] -- Generating done
[2.834s] -- Build files have been written to: /home/ann/rosbot_ws/src/build/rosbot_joy
[2.899s] Invoked command in '/home/ann/rosbot_ws/src/build/rosbot_joy' returned '0': CMAKE_PREFIX_PATH=${CMAKE_PREFIX_PATH}:/home/ann/rosbot_ws/install/rosbot_controller:/home/ann/rosbot_ws/install/rosbot_utils:/home/ann/rosbot_ws/install/rosbot_gazebo:/home/ann/rosbot_ws/install/rosbot_bringup:/opt/ros/humble /usr/bin/cmake /home/ann/rosbot_ws/src/rosbot_ros/rosbot_joy -DCMAKE_INSTALL_PREFIX=/home/ann/rosbot_ws/src/install/rosbot_joy
[2.899s] Invoking command in '/home/ann/rosbot_ws/src/build/rosbot_joy': CMAKE_PREFIX_PATH=${CMAKE_PREFIX_PATH}:/home/ann/rosbot_ws/install/rosbot_controller:/home/ann/rosbot_ws/install/rosbot_utils:/home/ann/rosbot_ws/install/rosbot_gazebo:/home/ann/rosbot_ws/install/rosbot_bringup:/opt/ros/humble /usr/bin/cmake --build /home/ann/rosbot_ws/src/build/rosbot_joy -- -j3 -l3
[3.353s] Invoked command in '/home/ann/rosbot_ws/src/build/rosbot_joy' returned '0': CMAKE_PREFIX_PATH=${CMAKE_PREFIX_PATH}:/home/ann/rosbot_ws/install/rosbot_controller:/home/ann/rosbot_ws/install/rosbot_utils:/home/ann/rosbot_ws/install/rosbot_gazebo:/home/ann/rosbot_ws/install/rosbot_bringup:/opt/ros/humble /usr/bin/cmake --build /home/ann/rosbot_ws/src/build/rosbot_joy -- -j3 -l3
[3.371s] Invoking command in '/home/ann/rosbot_ws/src/build/rosbot_joy': CMAKE_PREFIX_PATH=${CMAKE_PREFIX_PATH}:/home/ann/rosbot_ws/install/rosbot_controller:/home/ann/rosbot_ws/install/rosbot_utils:/home/ann/rosbot_ws/install/rosbot_gazebo:/home/ann/rosbot_ws/install/rosbot_bringup:/opt/ros/humble /usr/bin/cmake --install /home/ann/rosbot_ws/src/build/rosbot_joy
[3.414s] -- Install configuration: ""
[3.415s] -- Installing: /home/ann/rosbot_ws/src/install/rosbot_joy/share/rosbot_joy/config
[3.415s] -- Installing: /home/ann/rosbot_ws/src/install/rosbot_joy/share/rosbot_joy/config/joy.yaml
[3.415s] -- Installing: /home/ann/rosbot_ws/src/install/rosbot_joy/share/rosbot_joy/launch
[3.415s] -- Installing: /home/ann/rosbot_ws/src/install/rosbot_joy/share/rosbot_joy/launch/joy.launch.py
[3.415s] -- Installing: /home/ann/rosbot_ws/src/install/rosbot_joy/share/ament_index/resource_index/package_run_dependencies/rosbot_joy
[3.416s] -- Installing: /home/ann/rosbot_ws/src/install/rosbot_joy/share/ament_index/resource_index/parent_prefix_path/rosbot_joy
[3.416s] -- Installing: /home/ann/rosbot_ws/src/install/rosbot_joy/share/rosbot_joy/environment/ament_prefix_path.sh
[3.416s] -- Installing: /home/ann/rosbot_ws/src/install/rosbot_joy/share/rosbot_joy/environment/ament_prefix_path.dsv
[3.416s] -- Installing: /home/ann/rosbot_ws/src/install/rosbot_joy/share/rosbot_joy/environment/path.sh
[3.419s] -- Installing: /home/ann/rosbot_ws/src/install/rosbot_joy/share/rosbot_joy/environment/path.dsv
[3.643s] -- Installing: /home/ann/rosbot_ws/src/install/rosbot_joy/share/rosbot_joy/local_setup.bash
[3.664s] -- Installing: /home/ann/rosbot_ws/src/install/rosbot_joy/share/rosbot_joy/local_setup.sh
[3.664s] -- Installing: /home/ann/rosbot_ws/src/install/rosbot_joy/share/rosbot_joy/local_setup.zsh
[3.664s] -- Installing: /home/ann/rosbot_ws/src/install/rosbot_joy/share/rosbot_joy/local_setup.dsv
[3.664s] -- Installing: /home/ann/rosbot_ws/src/install/rosbot_joy/share/rosbot_joy/package.dsv
[3.664s] -- Installing: /home/ann/rosbot_ws/src/install/rosbot_joy/share/ament_index/resource_index/packages/rosbot_joy
[3.664s] -- Installing: /home/ann/rosbot_ws/src/install/rosbot_joy/share/rosbot_joy/cmake/rosbot_joyConfig.cmake
[3.664s] -- Installing: /home/ann/rosbot_ws/src/install/rosbot_joy/share/rosbot_joy/cmake/rosbot_joyConfig-version.cmake
[3.664s] -- Installing: /home/ann/rosbot_ws/src/install/rosbot_joy/share/rosbot_joy/package.xml
[3.664s] Invoked command in '/home/ann/rosbot_ws/src/build/rosbot_joy' returned '0': CMAKE_PREFIX_PATH=${CMAKE_PREFIX_PATH}:/home/ann/rosbot_ws/install/rosbot_controller:/home/ann/rosbot_ws/install/rosbot_utils:/home/ann/rosbot_ws/install/rosbot_gazebo:/home/ann/rosbot_ws/install/rosbot_bringup:/opt/ros/humble /usr/bin/cmake --install /home/ann/rosbot_ws/src/build/rosbot_joy
