running egg_info
creating ../../build/rosbot_bringup/rosbot_bringup.egg-info
writing ../../build/rosbot_bringup/rosbot_bringup.egg-info/PKG-INFO
writing dependency_links to ../../build/rosbot_bringup/rosbot_bringup.egg-info/dependency_links.txt
writing entry points to ../../build/rosbot_bringup/rosbot_bringup.egg-info/entry_points.txt
writing requirements to ../../build/rosbot_bringup/rosbot_bringup.egg-info/requires.txt
writing top-level names to ../../build/rosbot_bringup/rosbot_bringup.egg-info/top_level.txt
writing manifest file '../../build/rosbot_bringup/rosbot_bringup.egg-info/SOURCES.txt'
reading manifest file '../../build/rosbot_bringup/rosbot_bringup.egg-info/SOURCES.txt'
writing manifest file '../../build/rosbot_bringup/rosbot_bringup.egg-info/SOURCES.txt'
running build
running install
running install_data
creating /home/ann/rosbot_ws/src/install/rosbot_bringup/share/ament_index
creating /home/ann/rosbot_ws/src/install/rosbot_bringup/share/ament_index/resource_index
creating /home/ann/rosbot_ws/src/install/rosbot_bringup/share/ament_index/resource_index/packages
copying resource/rosbot_bringup -> /home/ann/rosbot_ws/src/install/rosbot_bringup/share/ament_index/resource_index/packages
copying package.xml -> /home/ann/rosbot_ws/src/install/rosbot_bringup/share/rosbot_bringup
creating /home/ann/rosbot_ws/src/install/rosbot_bringup/share/rosbot_bringup/config
copying config/microros_localhost_only.xml -> /home/ann/rosbot_ws/src/install/rosbot_bringup/share/rosbot_bringup/config
creating /home/ann/rosbot_ws/src/install/rosbot_bringup/share/rosbot_bringup/launch
copying launch/microros.launch.py -> /home/ann/rosbot_ws/src/install/rosbot_bringup/share/rosbot_bringup/launch
copying launch/bringup.launch.py -> /home/ann/rosbot_ws/src/install/rosbot_bringup/share/rosbot_bringup/launch
running install_egg_info
Copying ../../build/rosbot_bringup/rosbot_bringup.egg-info to /home/ann/rosbot_ws/src/install/rosbot_bringup/lib/python3.10/site-packages/rosbot_bringup-0.15.2-py3.10.egg-info
running install_scripts
writing list of installed files to '/home/ann/rosbot_ws/src/build/rosbot_bringup/install.log'
