[2.430s] Invoking command in '/home/ann/rosbot_ws/src/rosbot_ros/rosbot_bringup': PYTHONPATH=/home/ann/rosbot_ws/src/build/rosbot_bringup/prefix_override:/usr/lib/python3/dist-packages/colcon_core/task/python/colcon_distutils_commands:/home/ann/rosbot_ws/src/install/rosbot_bringup/lib/python3.10/site-packages:${PYTHONPATH} /usr/bin/python3 -W ignore:setup.py install is deprecated -W ignore:easy_install command is deprecated setup.py egg_info --egg-base ../../build/rosbot_bringup build --build-base /home/ann/rosbot_ws/src/build/rosbot_bringup/build install --record /home/ann/rosbot_ws/src/build/rosbot_bringup/install.log --single-version-externally-managed install_data
[2.777s] running egg_info
[2.780s] creating ../../build/rosbot_bringup/rosbot_bringup.egg-info
[2.781s] writing ../../build/rosbot_bringup/rosbot_bringup.egg-info/PKG-INFO
[2.781s] writing dependency_links to ../../build/rosbot_bringup/rosbot_bringup.egg-info/dependency_links.txt
[2.788s] writing entry points to ../../build/rosbot_bringup/rosbot_bringup.egg-info/entry_points.txt
[2.788s] writing requirements to ../../build/rosbot_bringup/rosbot_bringup.egg-info/requires.txt
[2.788s] writing top-level names to ../../build/rosbot_bringup/rosbot_bringup.egg-info/top_level.txt
[2.788s] writing manifest file '../../build/rosbot_bringup/rosbot_bringup.egg-info/SOURCES.txt'
[2.788s] reading manifest file '../../build/rosbot_bringup/rosbot_bringup.egg-info/SOURCES.txt'
[2.789s] writing manifest file '../../build/rosbot_bringup/rosbot_bringup.egg-info/SOURCES.txt'
[2.789s] running build
[2.789s] running install
[2.789s] running install_data
[2.789s] creating /home/ann/rosbot_ws/src/install/rosbot_bringup/share/ament_index
[2.789s] creating /home/ann/rosbot_ws/src/install/rosbot_bringup/share/ament_index/resource_index
[2.789s] creating /home/ann/rosbot_ws/src/install/rosbot_bringup/share/ament_index/resource_index/packages
[2.789s] copying resource/rosbot_bringup -> /home/ann/rosbot_ws/src/install/rosbot_bringup/share/ament_index/resource_index/packages
[2.789s] copying package.xml -> /home/ann/rosbot_ws/src/install/rosbot_bringup/share/rosbot_bringup
[2.789s] creating /home/ann/rosbot_ws/src/install/rosbot_bringup/share/rosbot_bringup/config
[2.789s] copying config/microros_localhost_only.xml -> /home/ann/rosbot_ws/src/install/rosbot_bringup/share/rosbot_bringup/config
[2.792s] creating /home/ann/rosbot_ws/src/install/rosbot_bringup/share/rosbot_bringup/launch
[2.792s] copying launch/microros.launch.py -> /home/ann/rosbot_ws/src/install/rosbot_bringup/share/rosbot_bringup/launch
[2.803s] copying launch/bringup.launch.py -> /home/ann/rosbot_ws/src/install/rosbot_bringup/share/rosbot_bringup/launch
[2.812s] running install_egg_info
[2.824s] Copying ../../build/rosbot_bringup/rosbot_bringup.egg-info to /home/ann/rosbot_ws/src/install/rosbot_bringup/lib/python3.10/site-packages/rosbot_bringup-0.15.2-py3.10.egg-info
[2.826s] running install_scripts
[2.861s] writing list of installed files to '/home/ann/rosbot_ws/src/build/rosbot_bringup/install.log'
[2.918s] Invoked command in '/home/ann/rosbot_ws/src/rosbot_ros/rosbot_bringup' returned '0': PYTHONPATH=/home/ann/rosbot_ws/src/build/rosbot_bringup/prefix_override:/usr/lib/python3/dist-packages/colcon_core/task/python/colcon_distutils_commands:/home/ann/rosbot_ws/src/install/rosbot_bringup/lib/python3.10/site-packages:${PYTHONPATH} /usr/bin/python3 -W ignore:setup.py install is deprecated -W ignore:easy_install command is deprecated setup.py egg_info --egg-base ../../build/rosbot_bringup build --build-base /home/ann/rosbot_ws/src/build/rosbot_bringup/build install --record /home/ann/rosbot_ws/src/build/rosbot_bringup/install.log --single-version-externally-managed install_data
