[0.046s] Invoking command in '/home/ann/rosbot_ws/src/build/rosbot': CMAKE_PREFIX_PATH=${CMAKE_PREFIX_PATH}:/home/ann/rosbot_ws/install/rosbot_controller:/home/ann/rosbot_ws/install/rosbot_utils:/home/ann/rosbot_ws/install/rosbot_gazebo:/home/ann/rosbot_ws/install/rosbot_bringup:/opt/ros/humble /usr/bin/cmake /home/ann/rosbot_ws/src/rosbot_ros/rosbot -DCMAKE_INSTALL_PREFIX=/home/ann/rosbot_ws/src/install/rosbot
[0.380s] -- The C compiler identification is GNU 11.4.0
[0.594s] -- The CXX compiler identification is GNU 11.4.0
[0.648s] -- Detecting C compiler ABI info
[1.093s] -- Detecting C compiler ABI info - done
[1.146s] -- Check for working C compiler: /usr/bin/cc - skipped
[1.147s] -- Detecting C compile features
[1.147s] -- Detecting C compile features - done
[1.159s] -- Detecting CXX compiler ABI info
[1.657s] -- Detecting CXX compiler ABI info - done
[1.690s] -- Check for working CXX compiler: /usr/bin/c++ - skipped
[1.691s] -- Detecting CXX compile features
[1.693s] -- Detecting CXX compile features - done
[1.715s] -- Found ament_cmake: 1.3.13 (/opt/ros/humble/share/ament_cmake/cmake)
[2.206s] -- Found Python3: /usr/bin/python3 (found version "3.10.12") found components: Interpreter 
[2.740s] -- Configuring done
[2.751s] -- Generating done
[2.755s] -- Build files have been written to: /home/ann/rosbot_ws/src/build/rosbot
[2.807s] Invoked command in '/home/ann/rosbot_ws/src/build/rosbot' returned '0': CMAKE_PREFIX_PATH=${CMAKE_PREFIX_PATH}:/home/ann/rosbot_ws/install/rosbot_controller:/home/ann/rosbot_ws/install/rosbot_utils:/home/ann/rosbot_ws/install/rosbot_gazebo:/home/ann/rosbot_ws/install/rosbot_bringup:/opt/ros/humble /usr/bin/cmake /home/ann/rosbot_ws/src/rosbot_ros/rosbot -DCMAKE_INSTALL_PREFIX=/home/ann/rosbot_ws/src/install/rosbot
[2.807s] Invoking command in '/home/ann/rosbot_ws/src/build/rosbot': CMAKE_PREFIX_PATH=${CMAKE_PREFIX_PATH}:/home/ann/rosbot_ws/install/rosbot_controller:/home/ann/rosbot_ws/install/rosbot_utils:/home/ann/rosbot_ws/install/rosbot_gazebo:/home/ann/rosbot_ws/install/rosbot_bringup:/opt/ros/humble /usr/bin/cmake --build /home/ann/rosbot_ws/src/build/rosbot -- -j3 -l3
[3.152s] Invoked command in '/home/ann/rosbot_ws/src/build/rosbot' returned '0': CMAKE_PREFIX_PATH=${CMAKE_PREFIX_PATH}:/home/ann/rosbot_ws/install/rosbot_controller:/home/ann/rosbot_ws/install/rosbot_utils:/home/ann/rosbot_ws/install/rosbot_gazebo:/home/ann/rosbot_ws/install/rosbot_bringup:/opt/ros/humble /usr/bin/cmake --build /home/ann/rosbot_ws/src/build/rosbot -- -j3 -l3
[3.165s] Invoking command in '/home/ann/rosbot_ws/src/build/rosbot': CMAKE_PREFIX_PATH=${CMAKE_PREFIX_PATH}:/home/ann/rosbot_ws/install/rosbot_controller:/home/ann/rosbot_ws/install/rosbot_utils:/home/ann/rosbot_ws/install/rosbot_gazebo:/home/ann/rosbot_ws/install/rosbot_bringup:/opt/ros/humble /usr/bin/cmake --install /home/ann/rosbot_ws/src/build/rosbot
[3.239s] -- Install configuration: ""
[3.239s] -- Installing: /home/ann/rosbot_ws/src/install/rosbot/share/ament_index/resource_index/package_run_dependencies/rosbot
[3.239s] -- Installing: /home/ann/rosbot_ws/src/install/rosbot/share/ament_index/resource_index/parent_prefix_path/rosbot
[3.239s] -- Installing: /home/ann/rosbot_ws/src/install/rosbot/share/rosbot/environment/ament_prefix_path.sh
[3.239s] -- Installing: /home/ann/rosbot_ws/src/install/rosbot/share/rosbot/environment/ament_prefix_path.dsv
[3.239s] -- Installing: /home/ann/rosbot_ws/src/install/rosbot/share/rosbot/environment/path.sh
[3.240s] -- Installing: /home/ann/rosbot_ws/src/install/rosbot/share/rosbot/environment/path.dsv
[3.240s] -- Installing: /home/ann/rosbot_ws/src/install/rosbot/share/rosbot/local_setup.bash
[3.240s] -- Installing: /home/ann/rosbot_ws/src/install/rosbot/share/rosbot/local_setup.sh
[3.240s] -- Installing: /home/ann/rosbot_ws/src/install/rosbot/share/rosbot/local_setup.zsh
[3.240s] -- Installing: /home/ann/rosbot_ws/src/install/rosbot/share/rosbot/local_setup.dsv
[3.240s] -- Installing: /home/ann/rosbot_ws/src/install/rosbot/share/rosbot/package.dsv
[3.240s] -- Installing: /home/ann/rosbot_ws/src/install/rosbot/share/ament_index/resource_index/packages/rosbot
[3.240s] -- Installing: /home/ann/rosbot_ws/src/install/rosbot/share/rosbot/cmake/rosbotConfig.cmake
[3.240s] -- Installing: /home/ann/rosbot_ws/src/install/rosbot/share/rosbot/cmake/rosbotConfig-version.cmake
[3.240s] -- Installing: /home/ann/rosbot_ws/src/install/rosbot/share/rosbot/package.xml
[3.241s] Invoked command in '/home/ann/rosbot_ws/src/build/rosbot' returned '0': CMAKE_PREFIX_PATH=${CMAKE_PREFIX_PATH}:/home/ann/rosbot_ws/install/rosbot_controller:/home/ann/rosbot_ws/install/rosbot_utils:/home/ann/rosbot_ws/install/rosbot_gazebo:/home/ann/rosbot_ws/install/rosbot_bringup:/opt/ros/humble /usr/bin/cmake --install /home/ann/rosbot_ws/src/build/rosbot
