[2.787s] Invoking command in '/home/ann/rosbot_ws/src/rosbot_ros/rosbot_gazebo': PYTHONPATH=/home/ann/rosbot_ws/src/build/rosbot_gazebo/prefix_override:/usr/lib/python3/dist-packages/colcon_core/task/python/colcon_distutils_commands:/home/ann/rosbot_ws/src/install/rosbot_gazebo/lib/python3.10/site-packages:${PYTHONPATH} /usr/bin/python3 -W ignore:setup.py install is deprecated -W ignore:easy_install command is deprecated setup.py egg_info --egg-base ../../build/rosbot_gazebo build --build-base /home/ann/rosbot_ws/src/build/rosbot_gazebo/build install --record /home/ann/rosbot_ws/src/build/rosbot_gazebo/install.log --single-version-externally-managed install_data
[3.504s] running egg_info
[3.505s] creating ../../build/rosbot_gazebo/rosbot_gazebo.egg-info
[3.506s] writing ../../build/rosbot_gazebo/rosbot_gazebo.egg-info/PKG-INFO
[3.507s] writing dependency_links to ../../build/rosbot_gazebo/rosbot_gazebo.egg-info/dependency_links.txt
[3.513s] writing entry points to ../../build/rosbot_gazebo/rosbot_gazebo.egg-info/entry_points.txt
[3.513s] writing requirements to ../../build/rosbot_gazebo/rosbot_gazebo.egg-info/requires.txt
[3.513s] writing top-level names to ../../build/rosbot_gazebo/rosbot_gazebo.egg-info/top_level.txt
[3.513s] writing manifest file '../../build/rosbot_gazebo/rosbot_gazebo.egg-info/SOURCES.txt'
[3.513s] reading manifest file '../../build/rosbot_gazebo/rosbot_gazebo.egg-info/SOURCES.txt'
[3.513s] writing manifest file '../../build/rosbot_gazebo/rosbot_gazebo.egg-info/SOURCES.txt'
[3.513s] running build
[3.513s] running install
[3.514s] running install_data
[3.514s] creating /home/ann/rosbot_ws/src/install/rosbot_gazebo/share/ament_index
[3.514s] creating /home/ann/rosbot_ws/src/install/rosbot_gazebo/share/ament_index/resource_index
[3.514s] creating /home/ann/rosbot_ws/src/install/rosbot_gazebo/share/ament_index/resource_index/packages
[3.514s] copying resource/rosbot_gazebo -> /home/ann/rosbot_ws/src/install/rosbot_gazebo/share/ament_index/resource_index/packages
[3.520s] copying package.xml -> /home/ann/rosbot_ws/src/install/rosbot_gazebo/share/rosbot_gazebo
[3.520s] creating /home/ann/rosbot_ws/src/install/rosbot_gazebo/share/rosbot_gazebo/launch
[3.520s] copying launch/simulation.launch.py -> /home/ann/rosbot_ws/src/install/rosbot_gazebo/share/rosbot_gazebo/launch
[3.520s] copying launch/spawn_robot.launch.py -> /home/ann/rosbot_ws/src/install/rosbot_gazebo/share/rosbot_gazebo/launch
[3.522s] creating /home/ann/rosbot_ws/src/install/rosbot_gazebo/share/rosbot_gazebo/config
[3.523s] copying config/gz_bridge.yaml -> /home/ann/rosbot_ws/src/install/rosbot_gazebo/share/rosbot_gazebo/config
[3.523s] copying config/rosbot_bridge.yaml -> /home/ann/rosbot_ws/src/install/rosbot_gazebo/share/rosbot_gazebo/config
[3.524s] running install_egg_info
[3.526s] Copying ../../build/rosbot_gazebo/rosbot_gazebo.egg-info to /home/ann/rosbot_ws/src/install/rosbot_gazebo/lib/python3.10/site-packages/rosbot_gazebo-0.15.2-py3.10.egg-info
[3.529s] running install_scripts
[3.559s] writing list of installed files to '/home/ann/rosbot_ws/src/build/rosbot_gazebo/install.log'
[3.612s] Invoked command in '/home/ann/rosbot_ws/src/rosbot_ros/rosbot_gazebo' returned '0': PYTHONPATH=/home/ann/rosbot_ws/src/build/rosbot_gazebo/prefix_override:/usr/lib/python3/dist-packages/colcon_core/task/python/colcon_distutils_commands:/home/ann/rosbot_ws/src/install/rosbot_gazebo/lib/python3.10/site-packages:${PYTHONPATH} /usr/bin/python3 -W ignore:setup.py install is deprecated -W ignore:easy_install command is deprecated setup.py egg_info --egg-base ../../build/rosbot_gazebo build --build-base /home/ann/rosbot_ws/src/build/rosbot_gazebo/build install --record /home/ann/rosbot_ws/src/build/rosbot_gazebo/install.log --single-version-externally-managed install_data
