running egg_info
creating ../../build/rosbot_utils/rosbot_utils.egg-info
writing ../../build/rosbot_utils/rosbot_utils.egg-info/PKG-INFO
writing dependency_links to ../../build/rosbot_utils/rosbot_utils.egg-info/dependency_links.txt
writing entry points to ../../build/rosbot_utils/rosbot_utils.egg-info/entry_points.txt
writing requirements to ../../build/rosbot_utils/rosbot_utils.egg-info/requires.txt
writing top-level names to ../../build/rosbot_utils/rosbot_utils.egg-info/top_level.txt
writing manifest file '../../build/rosbot_utils/rosbot_utils.egg-info/SOURCES.txt'
reading manifest file '../../build/rosbot_utils/rosbot_utils.egg-info/SOURCES.txt'
writing manifest file '../../build/rosbot_utils/rosbot_utils.egg-info/SOURCES.txt'
running build
running build_py
creating /home/ann/rosbot_ws/src/build/rosbot_utils/build
creating /home/ann/rosbot_ws/src/build/rosbot_utils/build/lib
creating /home/ann/rosbot_ws/src/build/rosbot_utils/build/lib/rosbot_utils
copying rosbot_utils/utils.py -> /home/ann/rosbot_ws/src/build/rosbot_utils/build/lib/rosbot_utils
copying rosbot_utils/flash_firmware_uart.py -> /home/ann/rosbot_ws/src/build/rosbot_utils/build/lib/rosbot_utils
copying rosbot_utils/create_config_dir.py -> /home/ann/rosbot_ws/src/build/rosbot_utils/build/lib/rosbot_utils
copying rosbot_utils/flash_firmware_usb.py -> /home/ann/rosbot_ws/src/build/rosbot_utils/build/lib/rosbot_utils
copying rosbot_utils/__init__.py -> /home/ann/rosbot_ws/src/build/rosbot_utils/build/lib/rosbot_utils
copying rosbot_utils/flash_firmware.py -> /home/ann/rosbot_ws/src/build/rosbot_utils/build/lib/rosbot_utils
running install
running install_lib
creating /home/ann/rosbot_ws/src/install/rosbot_utils/lib/python3.10/site-packages/rosbot_utils
copying /home/ann/rosbot_ws/src/build/rosbot_utils/build/lib/rosbot_utils/utils.py -> /home/ann/rosbot_ws/src/install/rosbot_utils/lib/python3.10/site-packages/rosbot_utils
copying /home/ann/rosbot_ws/src/build/rosbot_utils/build/lib/rosbot_utils/flash_firmware_uart.py -> /home/ann/rosbot_ws/src/install/rosbot_utils/lib/python3.10/site-packages/rosbot_utils
copying /home/ann/rosbot_ws/src/build/rosbot_utils/build/lib/rosbot_utils/create_config_dir.py -> /home/ann/rosbot_ws/src/install/rosbot_utils/lib/python3.10/site-packages/rosbot_utils
copying /home/ann/rosbot_ws/src/build/rosbot_utils/build/lib/rosbot_utils/flash_firmware_usb.py -> /home/ann/rosbot_ws/src/install/rosbot_utils/lib/python3.10/site-packages/rosbot_utils
copying /home/ann/rosbot_ws/src/build/rosbot_utils/build/lib/rosbot_utils/__init__.py -> /home/ann/rosbot_ws/src/install/rosbot_utils/lib/python3.10/site-packages/rosbot_utils
copying /home/ann/rosbot_ws/src/build/rosbot_utils/build/lib/rosbot_utils/flash_firmware.py -> /home/ann/rosbot_ws/src/install/rosbot_utils/lib/python3.10/site-packages/rosbot_utils
byte-compiling /home/ann/rosbot_ws/src/install/rosbot_utils/lib/python3.10/site-packages/rosbot_utils/utils.py to utils.cpython-310.pyc
byte-compiling /home/ann/rosbot_ws/src/install/rosbot_utils/lib/python3.10/site-packages/rosbot_utils/flash_firmware_uart.py to flash_firmware_uart.cpython-310.pyc
byte-compiling /home/ann/rosbot_ws/src/install/rosbot_utils/lib/python3.10/site-packages/rosbot_utils/create_config_dir.py to create_config_dir.cpython-310.pyc
byte-compiling /home/ann/rosbot_ws/src/install/rosbot_utils/lib/python3.10/site-packages/rosbot_utils/flash_firmware_usb.py to flash_firmware_usb.cpython-310.pyc
byte-compiling /home/ann/rosbot_ws/src/install/rosbot_utils/lib/python3.10/site-packages/rosbot_utils/__init__.py to __init__.cpython-310.pyc
byte-compiling /home/ann/rosbot_ws/src/install/rosbot_utils/lib/python3.10/site-packages/rosbot_utils/flash_firmware.py to flash_firmware.cpython-310.pyc
running install_data
creating /home/ann/rosbot_ws/src/install/rosbot_utils/share/ament_index
creating /home/ann/rosbot_ws/src/install/rosbot_utils/share/ament_index/resource_index
creating /home/ann/rosbot_ws/src/install/rosbot_utils/share/ament_index/resource_index/packages
copying resource/rosbot_utils -> /home/ann/rosbot_ws/src/install/rosbot_utils/share/ament_index/resource_index/packages
copying package.xml -> /home/ann/rosbot_ws/src/install/rosbot_utils/share/rosbot_utils
creating /home/ann/rosbot_ws/src/install/rosbot_utils/share/rosbot_utils/config
creating /home/ann/rosbot_ws/src/install/rosbot_utils/share/rosbot_utils/config/rosbot
copying config/rosbot/laser_filter.yaml -> /home/ann/rosbot_ws/src/install/rosbot_utils/share/rosbot_utils/config/rosbot
creating /home/ann/rosbot_ws/src/install/rosbot_utils/share/rosbot_utils/config/rosbot_xl
copying config/rosbot_xl/laser_filter.yaml -> /home/ann/rosbot_ws/src/install/rosbot_utils/share/rosbot_utils/config/rosbot_xl
creating /home/ann/rosbot_ws/src/install/rosbot_utils/share/rosbot_utils/firmware
creating /home/ann/rosbot_ws/src/install/rosbot_utils/share/rosbot_utils/firmware/rosbot
copying firmware/rosbot/v0.11.0.bin -> /home/ann/rosbot_ws/src/install/rosbot_utils/share/rosbot_utils/firmware/rosbot
creating /home/ann/rosbot_ws/src/install/rosbot_utils/share/rosbot_utils/firmware/rosbot_xl
copying firmware/rosbot_xl/v1.4.0.bin -> /home/ann/rosbot_ws/src/install/rosbot_utils/share/rosbot_utils/firmware/rosbot_xl
creating /home/ann/rosbot_ws/src/install/rosbot_utils/share/rosbot_utils/launch
copying launch/laser_filter.launch.py -> /home/ann/rosbot_ws/src/install/rosbot_utils/share/rosbot_utils/launch
running install_egg_info
Copying ../../build/rosbot_utils/rosbot_utils.egg-info to /home/ann/rosbot_ws/src/install/rosbot_utils/lib/python3.10/site-packages/rosbot_utils-0.15.2-py3.10.egg-info
running install_scripts
Installing create_config_dir script to /home/ann/rosbot_ws/src/install/rosbot_utils/lib/rosbot_utils
Installing flash_firmware script to /home/ann/rosbot_ws/src/install/rosbot_utils/lib/rosbot_utils
writing list of installed files to '/home/ann/rosbot_ws/src/build/rosbot_utils/install.log'
