[4.500s] Invoking command in '/home/ann/rosbot_ws/src/rosbot_ros/rosbot_utils': PYTHONPATH=/home/ann/rosbot_ws/src/build/rosbot_utils/prefix_override:/usr/lib/python3/dist-packages/colcon_core/task/python/colcon_distutils_commands:/home/ann/rosbot_ws/src/install/rosbot_utils/lib/python3.10/site-packages:${PYTHONPATH} /usr/bin/python3 -W ignore:setup.py install is deprecated -W ignore:easy_install command is deprecated setup.py egg_info --egg-base ../../build/rosbot_utils build --build-base /home/ann/rosbot_ws/src/build/rosbot_utils/build install --record /home/ann/rosbot_ws/src/build/rosbot_utils/install.log --single-version-externally-managed install_data
[5.637s] running egg_info
[5.639s] creating ../../build/rosbot_utils/rosbot_utils.egg-info
[5.639s] writing ../../build/rosbot_utils/rosbot_utils.egg-info/PKG-INFO
[5.641s] writing dependency_links to ../../build/rosbot_utils/rosbot_utils.egg-info/dependency_links.txt
[5.644s] writing entry points to ../../build/rosbot_utils/rosbot_utils.egg-info/entry_points.txt
[5.644s] writing requirements to ../../build/rosbot_utils/rosbot_utils.egg-info/requires.txt
[5.644s] writing top-level names to ../../build/rosbot_utils/rosbot_utils.egg-info/top_level.txt
[5.644s] writing manifest file '../../build/rosbot_utils/rosbot_utils.egg-info/SOURCES.txt'
[5.649s] reading manifest file '../../build/rosbot_utils/rosbot_utils.egg-info/SOURCES.txt'
[5.649s] writing manifest file '../../build/rosbot_utils/rosbot_utils.egg-info/SOURCES.txt'
[5.651s] running build
[5.651s] running build_py
[5.651s] creating /home/ann/rosbot_ws/src/build/rosbot_utils/build
[5.651s] creating /home/ann/rosbot_ws/src/build/rosbot_utils/build/lib
[5.651s] creating /home/ann/rosbot_ws/src/build/rosbot_utils/build/lib/rosbot_utils
[5.653s] copying rosbot_utils/utils.py -> /home/ann/rosbot_ws/src/build/rosbot_utils/build/lib/rosbot_utils
[5.690s] copying rosbot_utils/flash_firmware_uart.py -> /home/ann/rosbot_ws/src/build/rosbot_utils/build/lib/rosbot_utils
[5.690s] copying rosbot_utils/create_config_dir.py -> /home/ann/rosbot_ws/src/build/rosbot_utils/build/lib/rosbot_utils
[5.691s] copying rosbot_utils/flash_firmware_usb.py -> /home/ann/rosbot_ws/src/build/rosbot_utils/build/lib/rosbot_utils
[5.691s] copying rosbot_utils/__init__.py -> /home/ann/rosbot_ws/src/build/rosbot_utils/build/lib/rosbot_utils
[5.693s] copying rosbot_utils/flash_firmware.py -> /home/ann/rosbot_ws/src/build/rosbot_utils/build/lib/rosbot_utils
[5.694s] running install
[5.694s] running install_lib
[5.696s] creating /home/ann/rosbot_ws/src/install/rosbot_utils/lib/python3.10/site-packages/rosbot_utils
[5.696s] copying /home/ann/rosbot_ws/src/build/rosbot_utils/build/lib/rosbot_utils/utils.py -> /home/ann/rosbot_ws/src/install/rosbot_utils/lib/python3.10/site-packages/rosbot_utils
[5.696s] copying /home/ann/rosbot_ws/src/build/rosbot_utils/build/lib/rosbot_utils/flash_firmware_uart.py -> /home/ann/rosbot_ws/src/install/rosbot_utils/lib/python3.10/site-packages/rosbot_utils
[5.696s] copying /home/ann/rosbot_ws/src/build/rosbot_utils/build/lib/rosbot_utils/create_config_dir.py -> /home/ann/rosbot_ws/src/install/rosbot_utils/lib/python3.10/site-packages/rosbot_utils
[5.696s] copying /home/ann/rosbot_ws/src/build/rosbot_utils/build/lib/rosbot_utils/flash_firmware_usb.py -> /home/ann/rosbot_ws/src/install/rosbot_utils/lib/python3.10/site-packages/rosbot_utils
[5.696s] copying /home/ann/rosbot_ws/src/build/rosbot_utils/build/lib/rosbot_utils/__init__.py -> /home/ann/rosbot_ws/src/install/rosbot_utils/lib/python3.10/site-packages/rosbot_utils
[5.696s] copying /home/ann/rosbot_ws/src/build/rosbot_utils/build/lib/rosbot_utils/flash_firmware.py -> /home/ann/rosbot_ws/src/install/rosbot_utils/lib/python3.10/site-packages/rosbot_utils
[5.696s] byte-compiling /home/ann/rosbot_ws/src/install/rosbot_utils/lib/python3.10/site-packages/rosbot_utils/utils.py to utils.cpython-310.pyc
[5.696s] byte-compiling /home/ann/rosbot_ws/src/install/rosbot_utils/lib/python3.10/site-packages/rosbot_utils/flash_firmware_uart.py to flash_firmware_uart.cpython-310.pyc
[5.697s] byte-compiling /home/ann/rosbot_ws/src/install/rosbot_utils/lib/python3.10/site-packages/rosbot_utils/create_config_dir.py to create_config_dir.cpython-310.pyc
[5.698s] byte-compiling /home/ann/rosbot_ws/src/install/rosbot_utils/lib/python3.10/site-packages/rosbot_utils/flash_firmware_usb.py to flash_firmware_usb.cpython-310.pyc
[5.698s] byte-compiling /home/ann/rosbot_ws/src/install/rosbot_utils/lib/python3.10/site-packages/rosbot_utils/__init__.py to __init__.cpython-310.pyc
[5.698s] byte-compiling /home/ann/rosbot_ws/src/install/rosbot_utils/lib/python3.10/site-packages/rosbot_utils/flash_firmware.py to flash_firmware.cpython-310.pyc
[5.699s] running install_data
[5.700s] creating /home/ann/rosbot_ws/src/install/rosbot_utils/share/ament_index
[5.702s] creating /home/ann/rosbot_ws/src/install/rosbot_utils/share/ament_index/resource_index
[5.702s] creating /home/ann/rosbot_ws/src/install/rosbot_utils/share/ament_index/resource_index/packages
[5.702s] copying resource/rosbot_utils -> /home/ann/rosbot_ws/src/install/rosbot_utils/share/ament_index/resource_index/packages
[5.702s] copying package.xml -> /home/ann/rosbot_ws/src/install/rosbot_utils/share/rosbot_utils
[5.702s] creating /home/ann/rosbot_ws/src/install/rosbot_utils/share/rosbot_utils/config
[5.702s] creating /home/ann/rosbot_ws/src/install/rosbot_utils/share/rosbot_utils/config/rosbot
[5.702s] copying config/rosbot/laser_filter.yaml -> /home/ann/rosbot_ws/src/install/rosbot_utils/share/rosbot_utils/config/rosbot
[5.702s] creating /home/ann/rosbot_ws/src/install/rosbot_utils/share/rosbot_utils/config/rosbot_xl
[5.702s] copying config/rosbot_xl/laser_filter.yaml -> /home/ann/rosbot_ws/src/install/rosbot_utils/share/rosbot_utils/config/rosbot_xl
[5.707s] creating /home/ann/rosbot_ws/src/install/rosbot_utils/share/rosbot_utils/firmware
[5.707s] creating /home/ann/rosbot_ws/src/install/rosbot_utils/share/rosbot_utils/firmware/rosbot
[5.707s] copying firmware/rosbot/v0.11.0.bin -> /home/ann/rosbot_ws/src/install/rosbot_utils/share/rosbot_utils/firmware/rosbot
[5.726s] creating /home/ann/rosbot_ws/src/install/rosbot_utils/share/rosbot_utils/firmware/rosbot_xl
[5.727s] copying firmware/rosbot_xl/v1.4.0.bin -> /home/ann/rosbot_ws/src/install/rosbot_utils/share/rosbot_utils/firmware/rosbot_xl
[5.739s] creating /home/ann/rosbot_ws/src/install/rosbot_utils/share/rosbot_utils/launch
[5.739s] copying launch/laser_filter.launch.py -> /home/ann/rosbot_ws/src/install/rosbot_utils/share/rosbot_utils/launch
[5.742s] running install_egg_info
[5.744s] Copying ../../build/rosbot_utils/rosbot_utils.egg-info to /home/ann/rosbot_ws/src/install/rosbot_utils/lib/python3.10/site-packages/rosbot_utils-0.15.2-py3.10.egg-info
[5.766s] running install_scripts
[5.794s] Installing create_config_dir script to /home/ann/rosbot_ws/src/install/rosbot_utils/lib/rosbot_utils
[5.821s] Installing flash_firmware script to /home/ann/rosbot_ws/src/install/rosbot_utils/lib/rosbot_utils
[5.821s] writing list of installed files to '/home/ann/rosbot_ws/src/build/rosbot_utils/install.log'
[5.877s] Invoked command in '/home/ann/rosbot_ws/src/rosbot_ros/rosbot_utils' returned '0': PYTHONPATH=/home/ann/rosbot_ws/src/build/rosbot_utils/prefix_override:/usr/lib/python3/dist-packages/colcon_core/task/python/colcon_distutils_commands:/home/ann/rosbot_ws/src/install/rosbot_utils/lib/python3.10/site-packages:${PYTHONPATH} /usr/bin/python3 -W ignore:setup.py install is deprecated -W ignore:easy_install command is deprecated setup.py egg_info --egg-base ../../build/rosbot_utils build --build-base /home/ann/rosbot_ws/src/build/rosbot_utils/build install --record /home/ann/rosbot_ws/src/build/rosbot_utils/install.log --single-version-externally-managed install_data
