[2.756s] Invoking command in '/home/ann/rosbot_ws/src/rosbot_ros/rosbot_controller': AMENT_PREFIX_PATH=/home/ann/rosbot_ws/src/install/rosbot_description:/home/ann/rosbot_ws/src/install/rosbot_utils:/home/ann/rosbot_ws/src/install/mecanum_drive_controller:/home/ann/rosbot_ws/src/install/husarion_components_description:${AMENT_PREFIX_PATH} CMAKE_PREFIX_PATH=/home/ann/rosbot_ws/src/install/rosbot_description:/home/ann/rosbot_ws/src/install/mecanum_drive_controller:/home/ann/rosbot_ws/src/install/husarion_components_description:${CMAKE_PREFIX_PATH} GAZEBO_MODEL_PATH=/home/ann/rosbot_ws/src/install/rosbot_description/share:/home/ann/rosbot_ws/src/install/husarion_components_description/share:${GAZEBO_MODEL_PATH} GZ_SIM_RESOURCE_PATH=/home/ann/rosbot_ws/src/install/rosbot_description/share:/home/ann/rosbot_ws/src/install/husarion_components_description/share:${GZ_SIM_RESOURCE_PATH} IGN_GAZEBO_RESOURCE_PATH=/home/ann/rosbot_ws/src/install/rosbot_description/share:/home/ann/rosbot_ws/src/install/husarion_components_description/share:${IGN_GAZEBO_RESOURCE_PATH} LD_LIBRARY_PATH=/home/ann/rosbot_ws/src/install/mecanum_drive_controller/lib:${LD_LIBRARY_PATH} PYTHONPATH=/home/ann/rosbot_ws/src/build/rosbot_controller/prefix_override:/usr/lib/python3/dist-packages/colcon_core/task/python/colcon_distutils_commands:/home/ann/rosbot_ws/src/install/rosbot_controller/lib/python3.10/site-packages:/home/ann/rosbot_ws/src/install/rosbot_utils/lib/python3.10/site-packages:${PYTHONPATH} /usr/bin/python3 -W ignore:setup.py install is deprecated -W ignore:easy_install command is deprecated setup.py egg_info --egg-base ../../build/rosbot_controller build --build-base /home/ann/rosbot_ws/src/build/rosbot_controller/build install --record /home/ann/rosbot_ws/src/build/rosbot_controller/install.log --single-version-externally-managed install_data
[3.218s] running egg_info
[3.225s] creating ../../build/rosbot_controller/rosbot_controller.egg-info
[3.225s] writing ../../build/rosbot_controller/rosbot_controller.egg-info/PKG-INFO
[3.225s] writing dependency_links to ../../build/rosbot_controller/rosbot_controller.egg-info/dependency_links.txt
[3.225s] writing entry points to ../../build/rosbot_controller/rosbot_controller.egg-info/entry_points.txt
[3.225s] writing requirements to ../../build/rosbot_controller/rosbot_controller.egg-info/requires.txt
[3.225s] writing top-level names to ../../build/rosbot_controller/rosbot_controller.egg-info/top_level.txt
[3.225s] writing manifest file '../../build/rosbot_controller/rosbot_controller.egg-info/SOURCES.txt'
[3.228s] reading manifest file '../../build/rosbot_controller/rosbot_controller.egg-info/SOURCES.txt'
[3.228s] writing manifest file '../../build/rosbot_controller/rosbot_controller.egg-info/SOURCES.txt'
[3.228s] running build
[3.228s] running build_py
[3.228s] creating /home/ann/rosbot_ws/src/build/rosbot_controller/build
[3.228s] creating /home/ann/rosbot_ws/src/build/rosbot_controller/build/lib
[3.228s] creating /home/ann/rosbot_ws/src/build/rosbot_controller/build/lib/rosbot_controller
[3.228s] copying rosbot_controller/arm_control.py -> /home/ann/rosbot_ws/src/build/rosbot_controller/build/lib/rosbot_controller
[3.264s] copying rosbot_controller/__init__.py -> /home/ann/rosbot_ws/src/build/rosbot_controller/build/lib/rosbot_controller
[3.264s] running install
[3.271s] running install_lib
[3.271s] creating /home/ann/rosbot_ws/src/install/rosbot_controller/lib/python3.10/site-packages/rosbot_controller
[3.271s] copying /home/ann/rosbot_ws/src/build/rosbot_controller/build/lib/rosbot_controller/arm_control.py -> /home/ann/rosbot_ws/src/install/rosbot_controller/lib/python3.10/site-packages/rosbot_controller
[3.271s] copying /home/ann/rosbot_ws/src/build/rosbot_controller/build/lib/rosbot_controller/__init__.py -> /home/ann/rosbot_ws/src/install/rosbot_controller/lib/python3.10/site-packages/rosbot_controller
[3.271s] byte-compiling /home/ann/rosbot_ws/src/install/rosbot_controller/lib/python3.10/site-packages/rosbot_controller/arm_control.py to arm_control.cpython-310.pyc
[3.271s] byte-compiling /home/ann/rosbot_ws/src/install/rosbot_controller/lib/python3.10/site-packages/rosbot_controller/__init__.py to __init__.cpython-310.pyc
[3.271s] running install_data
[3.271s] creating /home/ann/rosbot_ws/src/install/rosbot_controller/share/ament_index
[3.271s] creating /home/ann/rosbot_ws/src/install/rosbot_controller/share/ament_index/resource_index
[3.271s] creating /home/ann/rosbot_ws/src/install/rosbot_controller/share/ament_index/resource_index/packages
[3.271s] copying resource/rosbot_controller -> /home/ann/rosbot_ws/src/install/rosbot_controller/share/ament_index/resource_index/packages
[3.271s] copying package.xml -> /home/ann/rosbot_ws/src/install/rosbot_controller/share/rosbot_controller
[3.271s] creating /home/ann/rosbot_ws/src/install/rosbot_controller/share/rosbot_controller/config
[3.271s] creating /home/ann/rosbot_ws/src/install/rosbot_controller/share/rosbot_controller/config/rosbot
[3.271s] copying config/rosbot/controllers.yaml -> /home/ann/rosbot_ws/src/install/rosbot_controller/share/rosbot_controller/config/rosbot
[3.273s] creating /home/ann/rosbot_ws/src/install/rosbot_controller/share/rosbot_controller/config/rosbot_xl
[3.273s] copying config/rosbot_xl/controllers.yaml -> /home/ann/rosbot_ws/src/install/rosbot_controller/share/rosbot_controller/config/rosbot_xl
[3.280s] creating /home/ann/rosbot_ws/src/install/rosbot_controller/share/rosbot_controller/launch
[3.280s] copying launch/controller.launch.py -> /home/ann/rosbot_ws/src/install/rosbot_controller/share/rosbot_controller/launch
[3.280s] copying launch/manipulator.launch.py -> /home/ann/rosbot_ws/src/install/rosbot_controller/share/rosbot_controller/launch
[3.282s] running install_egg_info
[3.287s] Copying ../../build/rosbot_controller/rosbot_controller.egg-info to /home/ann/rosbot_ws/src/install/rosbot_controller/lib/python3.10/site-packages/rosbot_controller-0.15.2-py3.10.egg-info
[3.289s] running install_scripts
[3.360s] Installing arm_control script to /home/ann/rosbot_ws/src/install/rosbot_controller/lib/rosbot_controller
[3.382s] writing list of installed files to '/home/ann/rosbot_ws/src/build/rosbot_controller/install.log'
[3.450s] Invoked command in '/home/ann/rosbot_ws/src/rosbot_ros/rosbot_controller' returned '0': AMENT_PREFIX_PATH=/home/ann/rosbot_ws/src/install/rosbot_description:/home/ann/rosbot_ws/src/install/rosbot_utils:/home/ann/rosbot_ws/src/install/mecanum_drive_controller:/home/ann/rosbot_ws/src/install/husarion_components_description:${AMENT_PREFIX_PATH} CMAKE_PREFIX_PATH=/home/ann/rosbot_ws/src/install/rosbot_description:/home/ann/rosbot_ws/src/install/mecanum_drive_controller:/home/ann/rosbot_ws/src/install/husarion_components_description:${CMAKE_PREFIX_PATH} GAZEBO_MODEL_PATH=/home/ann/rosbot_ws/src/install/rosbot_description/share:/home/ann/rosbot_ws/src/install/husarion_components_description/share:${GAZEBO_MODEL_PATH} GZ_SIM_RESOURCE_PATH=/home/ann/rosbot_ws/src/install/rosbot_description/share:/home/ann/rosbot_ws/src/install/husarion_components_description/share:${GZ_SIM_RESOURCE_PATH} IGN_GAZEBO_RESOURCE_PATH=/home/ann/rosbot_ws/src/install/rosbot_description/share:/home/ann/rosbot_ws/src/install/husarion_components_description/share:${IGN_GAZEBO_RESOURCE_PATH} LD_LIBRARY_PATH=/home/ann/rosbot_ws/src/install/mecanum_drive_controller/lib:${LD_LIBRARY_PATH} PYTHONPATH=/home/ann/rosbot_ws/src/build/rosbot_controller/prefix_override:/usr/lib/python3/dist-packages/colcon_core/task/python/colcon_distutils_commands:/home/ann/rosbot_ws/src/install/rosbot_controller/lib/python3.10/site-packages:/home/ann/rosbot_ws/src/install/rosbot_utils/lib/python3.10/site-packages:${PYTHONPATH} /usr/bin/python3 -W ignore:setup.py install is deprecated -W ignore:easy_install command is deprecated setup.py egg_info --egg-base ../../build/rosbot_controller build --build-base /home/ann/rosbot_ws/src/build/rosbot_controller/build install --record /home/ann/rosbot_ws/src/build/rosbot_controller/install.log --single-version-externally-managed install_data
