[1.342s] DEBUG:colcon:Command line arguments: ['/usr/bin/colcon', 'build']
[1.342s] DEBUG:colcon:Parsed command line arguments: Namespace(log_base=None, log_level=None, verb_name='build', build_base='build', install_base='install', merge_install=False, symlink_install=False, test_result_base=None, continue_on_error=False, executor='parallel', parallel_workers=3, event_handlers=None, ignore_user_meta=False, metas=['./colcon.meta'], base_paths=['.'], packages_ignore=None, packages_ignore_regex=None, paths=None, packages_up_to=None, packages_up_to_regex=None, packages_above=None, packages_above_and_dependencies=None, packages_above_depth=None, packages_select_by_dep=None, packages_skip_by_dep=None, packages_skip_up_to=None, packages_select_build_failed=False, packages_skip_build_finished=False, packages_select_test_failures=False, packages_skip_test_passed=False, packages_select=None, packages_skip=None, packages_select_regex=None, packages_skip_regex=None, packages_start=None, packages_end=None, allow_overriding=[], cmake_args=None, cmake_target=None, cmake_target_skip_unavailable=False, cmake_clean_cache=False, cmake_clean_first=False, cmake_force_configure=False, ament_cmake_args=None, catkin_cmake_args=None, catkin_skip_building_tests=False, verb_parser=<colcon_defaults.argument_parser.defaults.DefaultArgumentsDecorator object at 0x7dbdb185de40>, verb_extension=<colcon_core.verb.build.BuildVerb object at 0x7dbdb185d900>, main=<bound method BuildVerb.main of <colcon_core.verb.build.BuildVerb object at 0x7dbdb185d900>>)
[3.887s] Level 1:colcon.colcon_core.package_discovery:discover_packages(colcon_meta) check parameters
[3.888s] Level 1:colcon.colcon_core.package_discovery:discover_packages(recursive) check parameters
[3.888s] Level 1:colcon.colcon_core.package_discovery:discover_packages(ignore) check parameters
[3.888s] Level 1:colcon.colcon_core.package_discovery:discover_packages(path) check parameters
[3.888s] Level 1:colcon.colcon_core.package_discovery:discover_packages(colcon_meta) discover
[3.888s] Level 1:colcon.colcon_core.package_discovery:discover_packages(recursive) discover
[3.889s] INFO:colcon.colcon_core.package_discovery:Crawling recursively for packages in '/home/ann/rosbot_ws/src/rosbot_ros/rosbot_description/urdf/rosbot'
[3.890s] Level 1:colcon.colcon_core.package_identification:_identify(.) by extensions ['ignore', 'ignore_ament_install']
[3.890s] Level 1:colcon.colcon_core.package_identification:_identify(.) by extension 'ignore'
[3.891s] Level 1:colcon.colcon_core.package_identification:_identify(.) by extension 'ignore_ament_install'
[3.891s] Level 1:colcon.colcon_core.package_identification:_identify(.) by extensions ['colcon_pkg']
[3.891s] Level 1:colcon.colcon_core.package_identification:_identify(.) by extension 'colcon_pkg'
[3.891s] Level 1:colcon.colcon_core.package_identification:_identify(.) by extensions ['colcon_meta']
[3.891s] Level 1:colcon.colcon_core.package_identification:_identify(.) by extension 'colcon_meta'
[3.891s] Level 1:colcon.colcon_core.package_identification:_identify(.) by extensions ['ros']
[3.891s] Level 1:colcon.colcon_core.package_identification:_identify(.) by extension 'ros'
[3.953s] Level 1:colcon.colcon_core.package_identification:_identify(.) by extensions ['cmake', 'python']
[3.955s] Level 1:colcon.colcon_core.package_identification:_identify(.) by extension 'cmake'
[3.955s] Level 1:colcon.colcon_core.package_identification:_identify(.) by extension 'python'
[3.955s] Level 1:colcon.colcon_core.package_identification:_identify(.) by extensions ['python_setup_py']
[3.956s] Level 1:colcon.colcon_core.package_identification:_identify(.) by extension 'python_setup_py'
[3.956s] Level 1:colcon.colcon_core.package_identification:_identify(build) by extensions ['ignore', 'ignore_ament_install']
[3.956s] Level 1:colcon.colcon_core.package_identification:_identify(build) by extension 'ignore'
[3.956s] Level 1:colcon.colcon_core.package_identification:_identify(build) ignored
[3.959s] Level 1:colcon.colcon_core.package_identification:_identify(components) by extensions ['ignore', 'ignore_ament_install']
[3.960s] Level 1:colcon.colcon_core.package_identification:_identify(components) by extension 'ignore'
[3.960s] Level 1:colcon.colcon_core.package_identification:_identify(components) by extension 'ignore_ament_install'
[3.960s] Level 1:colcon.colcon_core.package_identification:_identify(components) by extensions ['colcon_pkg']
[3.960s] Level 1:colcon.colcon_core.package_identification:_identify(components) by extension 'colcon_pkg'
[3.960s] Level 1:colcon.colcon_core.package_identification:_identify(components) by extensions ['colcon_meta']
[3.960s] Level 1:colcon.colcon_core.package_identification:_identify(components) by extension 'colcon_meta'
[3.960s] Level 1:colcon.colcon_core.package_identification:_identify(components) by extensions ['ros']
[3.960s] Level 1:colcon.colcon_core.package_identification:_identify(components) by extension 'ros'
[3.960s] Level 1:colcon.colcon_core.package_identification:_identify(components) by extensions ['cmake', 'python']
[3.961s] Level 1:colcon.colcon_core.package_identification:_identify(components) by extension 'cmake'
[3.961s] Level 1:colcon.colcon_core.package_identification:_identify(components) by extension 'python'
[3.961s] Level 1:colcon.colcon_core.package_identification:_identify(components) by extensions ['python_setup_py']
[3.961s] Level 1:colcon.colcon_core.package_identification:_identify(components) by extension 'python_setup_py'
[3.961s] Level 1:colcon.colcon_core.package_identification:_identify(install) by extensions ['ignore', 'ignore_ament_install']
[3.962s] Level 1:colcon.colcon_core.package_identification:_identify(install) by extension 'ignore'
[3.962s] Level 1:colcon.colcon_core.package_identification:_identify(install) ignored
[3.962s] Level 1:colcon.colcon_core.package_identification:_identify(log) by extensions ['ignore', 'ignore_ament_install']
[3.962s] Level 1:colcon.colcon_core.package_identification:_identify(log) by extension 'ignore'
[3.962s] Level 1:colcon.colcon_core.package_identification:_identify(log) ignored
[3.962s] Level 1:colcon.colcon_core.package_discovery:discover_packages(recursive) using defaults
[3.962s] Level 1:colcon.colcon_core.package_discovery:discover_packages(ignore) discover
[3.962s] Level 1:colcon.colcon_core.package_discovery:discover_packages(ignore) using defaults
[3.962s] Level 1:colcon.colcon_core.package_discovery:discover_packages(path) discover
[3.962s] Level 1:colcon.colcon_core.package_discovery:discover_packages(path) using defaults
[4.147s] Level 1:colcon.colcon_core.package_discovery:discover_packages(prefix_path) check parameters
[4.147s] Level 1:colcon.colcon_core.package_discovery:discover_packages(prefix_path) discover
[4.224s] DEBUG:colcon.colcon_installed_package_information.package_discovery:Found 12 installed packages in /home/ann/rosbot_ws/install
[4.226s] DEBUG:colcon.colcon_installed_package_information.package_discovery:Found 368 installed packages in /opt/ros/humble
[4.233s] Level 1:colcon.colcon_core.package_discovery:discover_packages(prefix_path) using defaults
[4.971s] INFO:colcon.colcon_core.executor:Executing jobs using 'parallel' executor
[4.979s] DEBUG:colcon.colcon_parallel_executor.executor.parallel:run_until_complete
[4.979s] DEBUG:colcon.colcon_parallel_executor.executor.parallel:closing loop
[4.979s] DEBUG:colcon.colcon_parallel_executor.executor.parallel:loop closed
[4.979s] DEBUG:colcon.colcon_parallel_executor.executor.parallel:run_until_complete finished with '0'
[4.979s] DEBUG:colcon.colcon_core.event_reactor:joining thread
[5.012s] INFO:colcon.colcon_core.plugin_system:Skipping extension 'colcon_notification.desktop_notification.terminal_notifier': Not used on non-Darwin systems
[5.012s] INFO:colcon.colcon_core.plugin_system:Skipping extension 'colcon_notification.desktop_notification.win32': Not used on non-Windows systems
[5.013s] INFO:colcon.colcon_notification.desktop_notification:Sending desktop notification using 'notify2'
[5.151s] DEBUG:colcon.colcon_core.event_reactor:joined thread
[5.189s] INFO:colcon.colcon_core.plugin_system:Skipping extension 'colcon_core.shell.bat': Not used on non-Windows systems
[5.189s] INFO:colcon.colcon_core.shell:Creating prefix script '/home/ann/rosbot_ws/src/rosbot_ros/rosbot_description/urdf/rosbot/install/local_setup.ps1'
[5.192s] INFO:colcon.colcon_core.shell:Creating prefix util module '/home/ann/rosbot_ws/src/rosbot_ros/rosbot_description/urdf/rosbot/install/_local_setup_util_ps1.py'
[5.194s] INFO:colcon.colcon_core.shell:Creating prefix chain script '/home/ann/rosbot_ws/src/rosbot_ros/rosbot_description/urdf/rosbot/install/setup.ps1'
[5.197s] INFO:colcon.colcon_core.shell:Creating prefix script '/home/ann/rosbot_ws/src/rosbot_ros/rosbot_description/urdf/rosbot/install/local_setup.sh'
[5.199s] INFO:colcon.colcon_core.shell:Creating prefix util module '/home/ann/rosbot_ws/src/rosbot_ros/rosbot_description/urdf/rosbot/install/_local_setup_util_sh.py'
[5.200s] INFO:colcon.colcon_core.shell:Creating prefix chain script '/home/ann/rosbot_ws/src/rosbot_ros/rosbot_description/urdf/rosbot/install/setup.sh'
[5.202s] INFO:colcon.colcon_core.shell:Creating prefix script '/home/ann/rosbot_ws/src/rosbot_ros/rosbot_description/urdf/rosbot/install/local_setup.bash'
[5.207s] INFO:colcon.colcon_core.shell:Creating prefix chain script '/home/ann/rosbot_ws/src/rosbot_ros/rosbot_description/urdf/rosbot/install/setup.bash'
[5.210s] INFO:colcon.colcon_core.shell:Creating prefix script '/home/ann/rosbot_ws/src/rosbot_ros/rosbot_description/urdf/rosbot/install/local_setup.zsh'
[5.213s] INFO:colcon.colcon_core.shell:Creating prefix chain script '/home/ann/rosbot_ws/src/rosbot_ros/rosbot_description/urdf/rosbot/install/setup.zsh'
