[0.056s] Invoking command in '/home/ann/rosbot_ws/src/build/rosbot_localization': CMAKE_PREFIX_PATH=${CMAKE_PREFIX_PATH}:/home/ann/rosbot_ws/install/rosbot_controller:/home/ann/rosbot_ws/install/rosbot_utils:/home/ann/rosbot_ws/install/rosbot_gazebo:/home/ann/rosbot_ws/install/rosbot_bringup:/opt/ros/humble /usr/bin/cmake /home/ann/rosbot_ws/src/rosbot_ros/rosbot_localization -DCMAKE_INSTALL_PREFIX=/home/ann/rosbot_ws/src/install/rosbot_localization
[0.423s] -- The C compiler identification is GNU 11.4.0
[0.734s] -- The CXX compiler identification is GNU 11.4.0
[0.800s] -- Detecting C compiler ABI info
[1.572s] -- Detecting C compiler ABI info - done
[1.618s] -- Check for working C compiler: /usr/bin/cc - skipped
[1.618s] -- Detecting C compile features
[1.618s] -- Detecting C compile features - done
[1.693s] -- Detecting CXX compiler ABI info
[2.492s] -- Detecting CXX compiler ABI info - done
[2.504s] -- Check for working CXX compiler: /usr/bin/c++ - skipped
[2.504s] -- Detecting CXX compile features
[2.507s] -- Detecting CXX compile features - done
[2.519s] -- Found ament_cmake: 1.3.13 (/opt/ros/humble/share/ament_cmake/cmake)
[2.901s] -- Found Python3: /usr/bin/python3 (found version "3.10.12") found components: Interpreter 
[3.573s] -- Configuring done
[3.584s] -- Generating done
[3.610s] -- Build files have been written to: /home/ann/rosbot_ws/src/build/rosbot_localization
[3.639s] Invoked command in '/home/ann/rosbot_ws/src/build/rosbot_localization' returned '0': CMAKE_PREFIX_PATH=${CMAKE_PREFIX_PATH}:/home/ann/rosbot_ws/install/rosbot_controller:/home/ann/rosbot_ws/install/rosbot_utils:/home/ann/rosbot_ws/install/rosbot_gazebo:/home/ann/rosbot_ws/install/rosbot_bringup:/opt/ros/humble /usr/bin/cmake /home/ann/rosbot_ws/src/rosbot_ros/rosbot_localization -DCMAKE_INSTALL_PREFIX=/home/ann/rosbot_ws/src/install/rosbot_localization
[3.640s] Invoking command in '/home/ann/rosbot_ws/src/build/rosbot_localization': CMAKE_PREFIX_PATH=${CMAKE_PREFIX_PATH}:/home/ann/rosbot_ws/install/rosbot_controller:/home/ann/rosbot_ws/install/rosbot_utils:/home/ann/rosbot_ws/install/rosbot_gazebo:/home/ann/rosbot_ws/install/rosbot_bringup:/opt/ros/humble /usr/bin/cmake --build /home/ann/rosbot_ws/src/build/rosbot_localization -- -j3 -l3
[3.842s] Invoked command in '/home/ann/rosbot_ws/src/build/rosbot_localization' returned '0': CMAKE_PREFIX_PATH=${CMAKE_PREFIX_PATH}:/home/ann/rosbot_ws/install/rosbot_controller:/home/ann/rosbot_ws/install/rosbot_utils:/home/ann/rosbot_ws/install/rosbot_gazebo:/home/ann/rosbot_ws/install/rosbot_bringup:/opt/ros/humble /usr/bin/cmake --build /home/ann/rosbot_ws/src/build/rosbot_localization -- -j3 -l3
[3.845s] Invoking command in '/home/ann/rosbot_ws/src/build/rosbot_localization': CMAKE_PREFIX_PATH=${CMAKE_PREFIX_PATH}:/home/ann/rosbot_ws/install/rosbot_controller:/home/ann/rosbot_ws/install/rosbot_utils:/home/ann/rosbot_ws/install/rosbot_gazebo:/home/ann/rosbot_ws/install/rosbot_bringup:/opt/ros/humble /usr/bin/cmake --install /home/ann/rosbot_ws/src/build/rosbot_localization
[4.170s] -- Install configuration: ""
[4.171s] -- Installing: /home/ann/rosbot_ws/src/install/rosbot_localization/share/rosbot_localization/config
[4.176s] -- Installing: /home/ann/rosbot_ws/src/install/rosbot_localization/share/rosbot_localization/config/ekf.yaml
[4.176s] -- Installing: /home/ann/rosbot_ws/src/install/rosbot_localization/share/rosbot_localization/launch
[4.180s] -- Installing: /home/ann/rosbot_ws/src/install/rosbot_localization/share/rosbot_localization/launch/ekf.launch.py
[4.182s] -- Installing: /home/ann/rosbot_ws/src/install/rosbot_localization/share/ament_index/resource_index/package_run_dependencies/rosbot_localization
[4.190s] -- Installing: /home/ann/rosbot_ws/src/install/rosbot_localization/share/ament_index/resource_index/parent_prefix_path/rosbot_localization
[4.190s] -- Installing: /home/ann/rosbot_ws/src/install/rosbot_localization/share/rosbot_localization/environment/ament_prefix_path.sh
[4.190s] -- Installing: /home/ann/rosbot_ws/src/install/rosbot_localization/share/rosbot_localization/environment/ament_prefix_path.dsv
[4.191s] -- Installing: /home/ann/rosbot_ws/src/install/rosbot_localization/share/rosbot_localization/environment/path.sh
[4.191s] -- Installing: /home/ann/rosbot_ws/src/install/rosbot_localization/share/rosbot_localization/environment/path.dsv
[4.225s] -- Installing: /home/ann/rosbot_ws/src/install/rosbot_localization/share/rosbot_localization/local_setup.bash
[4.226s] -- Installing: /home/ann/rosbot_ws/src/install/rosbot_localization/share/rosbot_localization/local_setup.sh
[4.226s] -- Installing: /home/ann/rosbot_ws/src/install/rosbot_localization/share/rosbot_localization/local_setup.zsh
[4.249s] -- Installing: /home/ann/rosbot_ws/src/install/rosbot_localization/share/rosbot_localization/local_setup.dsv
[4.250s] -- Installing: /home/ann/rosbot_ws/src/install/rosbot_localization/share/rosbot_localization/package.dsv
[4.250s] -- Installing: /home/ann/rosbot_ws/src/install/rosbot_localization/share/ament_index/resource_index/packages/rosbot_localization
[4.251s] -- Installing: /home/ann/rosbot_ws/src/install/rosbot_localization/share/rosbot_localization/cmake/rosbot_localizationConfig.cmake
[4.251s] -- Installing: /home/ann/rosbot_ws/src/install/rosbot_localization/share/rosbot_localization/cmake/rosbot_localizationConfig-version.cmake
[4.251s] -- Installing: /home/ann/rosbot_ws/src/install/rosbot_localization/share/rosbot_localization/package.xml
[4.252s] Invoked command in '/home/ann/rosbot_ws/src/build/rosbot_localization' returned '0': CMAKE_PREFIX_PATH=${CMAKE_PREFIX_PATH}:/home/ann/rosbot_ws/install/rosbot_controller:/home/ann/rosbot_ws/install/rosbot_utils:/home/ann/rosbot_ws/install/rosbot_gazebo:/home/ann/rosbot_ws/install/rosbot_bringup:/opt/ros/humble /usr/bin/cmake --install /home/ann/rosbot_ws/src/build/rosbot_localization
